  labAOS.cpp
C:\Users\koka5\OneDrive\Documents\GitHub\AOS-Lab-1\labAOS\labAOS.cpp(61,35): warning C4244: '=': conversion from 'unsigned __int64' to 'unsigned long', possible loss of data
C:\Users\koka5\OneDrive\Documents\GitHub\AOS-Lab-1\labAOS\labAOS.cpp(751,37): warning C4244: '=': conversion from 'double' to 'uint64_t', possible loss of data
C:\Users\koka5\OneDrive\Documents\GitHub\AOS-Lab-1\labAOS\labAOS.cpp(759,54): warning C4244: '=': conversion from 'double' to 'uint64_t', possible loss of data
C:\Users\koka5\OneDrive\Documents\GitHub\AOS-Lab-1\labAOS\labAOS.cpp(760,35): warning C4244: '=': conversion from 'uint64_t' to 'double', possible loss of data
C:\Users\koka5\OneDrive\Documents\GitHub\AOS-Lab-1\labAOS\labAOS.cpp(767,54): warning C4244: '=': conversion from 'double' to 'uint64_t', possible loss of data
C:\Users\koka5\OneDrive\Documents\GitHub\AOS-Lab-1\labAOS\labAOS.cpp(768,35): warning C4244: '=': conversion from 'uint64_t' to 'double', possible loss of data
C:\Users\koka5\OneDrive\Documents\GitHub\AOS-Lab-1\labAOS\labAOS.cpp(775,54): warning C4244: '=': conversion from 'double' to 'uint64_t', possible loss of data
C:\Users\koka5\OneDrive\Documents\GitHub\AOS-Lab-1\labAOS\labAOS.cpp(776,35): warning C4244: '=': conversion from 'uint64_t' to 'double', possible loss of data
C:\Users\koka5\OneDrive\Documents\GitHub\AOS-Lab-1\labAOS\labAOS.cpp(783,54): warning C4244: '=': conversion from 'double' to 'uint64_t', possible loss of data
C:\Users\koka5\OneDrive\Documents\GitHub\AOS-Lab-1\labAOS\labAOS.cpp(784,35): warning C4244: '=': conversion from 'uint64_t' to 'double', possible loss of data
C:\Users\koka5\OneDrive\Documents\GitHub\AOS-Lab-1\labAOS\labAOS.cpp(794,54): warning C4244: '=': conversion from 'double' to 'uint64_t', possible loss of data
C:\Users\koka5\OneDrive\Documents\GitHub\AOS-Lab-1\labAOS\labAOS.cpp(795,35): warning C4244: '=': conversion from 'uint64_t' to 'double', possible loss of data
C:\Users\koka5\OneDrive\Documents\GitHub\AOS-Lab-1\labAOS\labAOS.cpp(802,54): warning C4244: '=': conversion from 'double' to 'uint64_t', possible loss of data
C:\Users\koka5\OneDrive\Documents\GitHub\AOS-Lab-1\labAOS\labAOS.cpp(803,35): warning C4244: '=': conversion from 'uint64_t' to 'double', possible loss of data
C:\Users\koka5\OneDrive\Documents\GitHub\AOS-Lab-1\labAOS\labAOS.cpp(810,54): warning C4244: '=': conversion from 'double' to 'uint64_t', possible loss of data
C:\Users\koka5\OneDrive\Documents\GitHub\AOS-Lab-1\labAOS\labAOS.cpp(811,35): warning C4244: '=': conversion from 'uint64_t' to 'double', possible loss of data
C:\Users\koka5\OneDrive\Documents\GitHub\AOS-Lab-1\labAOS\labAOS.cpp(818,54): warning C4244: '=': conversion from 'double' to 'uint64_t', possible loss of data
C:\Users\koka5\OneDrive\Documents\GitHub\AOS-Lab-1\labAOS\labAOS.cpp(819,35): warning C4244: '=': conversion from 'uint64_t' to 'double', possible loss of data
C:\Users\koka5\OneDrive\Documents\GitHub\AOS-Lab-1\labAOS\labAOS.cpp(826,54): warning C4244: '=': conversion from 'double' to 'uint64_t', possible loss of data
C:\Users\koka5\OneDrive\Documents\GitHub\AOS-Lab-1\labAOS\labAOS.cpp(827,35): warning C4244: '=': conversion from 'uint64_t' to 'double', possible loss of data
C:\Users\koka5\OneDrive\Documents\GitHub\AOS-Lab-1\labAOS\labAOS.cpp(837,56): warning C4244: '=': conversion from 'double' to 'uint64_t', possible loss of data
C:\Users\koka5\OneDrive\Documents\GitHub\AOS-Lab-1\labAOS\labAOS.cpp(838,37): warning C4244: '=': conversion from 'uint64_t' to 'double', possible loss of data
C:\Users\koka5\OneDrive\Documents\GitHub\AOS-Lab-1\labAOS\labAOS.cpp(845,56): warning C4244: '=': conversion from 'double' to 'uint64_t', possible loss of data
C:\Users\koka5\OneDrive\Documents\GitHub\AOS-Lab-1\labAOS\labAOS.cpp(846,37): warning C4244: '=': conversion from 'uint64_t' to 'double', possible loss of data
C:\Users\koka5\OneDrive\Documents\GitHub\AOS-Lab-1\labAOS\labAOS.cpp(853,56): warning C4244: '=': conversion from 'double' to 'uint64_t', possible loss of data
C:\Users\koka5\OneDrive\Documents\GitHub\AOS-Lab-1\labAOS\labAOS.cpp(854,37): warning C4244: '=': conversion from 'uint64_t' to 'double', possible loss of data
C:\Users\koka5\OneDrive\Documents\GitHub\AOS-Lab-1\labAOS\labAOS.cpp(861,56): warning C4244: '=': conversion from 'double' to 'uint64_t', possible loss of data
C:\Users\koka5\OneDrive\Documents\GitHub\AOS-Lab-1\labAOS\labAOS.cpp(862,37): warning C4244: '=': conversion from 'uint64_t' to 'double', possible loss of data
C:\Users\koka5\OneDrive\Documents\GitHub\AOS-Lab-1\labAOS\labAOS.cpp(869,56): warning C4244: '=': conversion from 'double' to 'uint64_t', possible loss of data
C:\Users\koka5\OneDrive\Documents\GitHub\AOS-Lab-1\labAOS\labAOS.cpp(870,37): warning C4244: '=': conversion from 'uint64_t' to 'double', possible loss of data
C:\Users\koka5\OneDrive\Documents\GitHub\AOS-Lab-1\labAOS\labAOS.cpp(880,56): warning C4244: '=': conversion from 'double' to 'uint64_t', possible loss of data
C:\Users\koka5\OneDrive\Documents\GitHub\AOS-Lab-1\labAOS\labAOS.cpp(881,37): warning C4244: '=': conversion from 'uint64_t' to 'double', possible loss of data
C:\Users\koka5\OneDrive\Documents\GitHub\AOS-Lab-1\labAOS\labAOS.cpp(888,56): warning C4244: '=': conversion from 'double' to 'uint64_t', possible loss of data
C:\Users\koka5\OneDrive\Documents\GitHub\AOS-Lab-1\labAOS\labAOS.cpp(889,37): warning C4244: '=': conversion from 'uint64_t' to 'double', possible loss of data
C:\Users\koka5\OneDrive\Documents\GitHub\AOS-Lab-1\labAOS\labAOS.cpp(896,56): warning C4244: '=': conversion from 'double' to 'uint64_t', possible loss of data
C:\Users\koka5\OneDrive\Documents\GitHub\AOS-Lab-1\labAOS\labAOS.cpp(897,37): warning C4244: '=': conversion from 'uint64_t' to 'double', possible loss of data
C:\Users\koka5\OneDrive\Documents\GitHub\AOS-Lab-1\labAOS\labAOS.cpp(904,56): warning C4244: '=': conversion from 'double' to 'uint64_t', possible loss of data
C:\Users\koka5\OneDrive\Documents\GitHub\AOS-Lab-1\labAOS\labAOS.cpp(905,37): warning C4244: '=': conversion from 'uint64_t' to 'double', possible loss of data
C:\Users\koka5\OneDrive\Documents\GitHub\AOS-Lab-1\labAOS\labAOS.cpp(912,56): warning C4244: '=': conversion from 'double' to 'uint64_t', possible loss of data
C:\Users\koka5\OneDrive\Documents\GitHub\AOS-Lab-1\labAOS\labAOS.cpp(913,37): warning C4244: '=': conversion from 'uint64_t' to 'double', possible loss of data
C:\Users\koka5\OneDrive\Documents\GitHub\AOS-Lab-1\labAOS\labAOS.cpp(923,56): warning C4244: '=': conversion from 'double' to 'uint64_t', possible loss of data
C:\Users\koka5\OneDrive\Documents\GitHub\AOS-Lab-1\labAOS\labAOS.cpp(924,37): warning C4244: '=': conversion from 'uint64_t' to 'double', possible loss of data
C:\Users\koka5\OneDrive\Documents\GitHub\AOS-Lab-1\labAOS\labAOS.cpp(931,56): warning C4244: '=': conversion from 'double' to 'uint64_t', possible loss of data
C:\Users\koka5\OneDrive\Documents\GitHub\AOS-Lab-1\labAOS\labAOS.cpp(932,37): warning C4244: '=': conversion from 'uint64_t' to 'double', possible loss of data
C:\Users\koka5\OneDrive\Documents\GitHub\AOS-Lab-1\labAOS\labAOS.cpp(939,56): warning C4244: '=': conversion from 'double' to 'uint64_t', possible loss of data
C:\Users\koka5\OneDrive\Documents\GitHub\AOS-Lab-1\labAOS\labAOS.cpp(940,37): warning C4244: '=': conversion from 'uint64_t' to 'double', possible loss of data
C:\Users\koka5\OneDrive\Documents\GitHub\AOS-Lab-1\labAOS\labAOS.cpp(947,56): warning C4244: '=': conversion from 'double' to 'uint64_t', possible loss of data
C:\Users\koka5\OneDrive\Documents\GitHub\AOS-Lab-1\labAOS\labAOS.cpp(948,37): warning C4244: '=': conversion from 'uint64_t' to 'double', possible loss of data
C:\Users\koka5\OneDrive\Documents\GitHub\AOS-Lab-1\labAOS\labAOS.cpp(955,56): warning C4244: '=': conversion from 'double' to 'uint64_t', possible loss of data
C:\Users\koka5\OneDrive\Documents\GitHub\AOS-Lab-1\labAOS\labAOS.cpp(956,37): warning C4244: '=': conversion from 'uint64_t' to 'double', possible loss of data
  labAOS.vcxproj -> C:\Users\koka5\OneDrive\Documents\GitHub\AOS-Lab-1\Debug\labAOS.exe
